<?xml version="1.0" encoding="UTF-8"?>
<testsuite name="lesson5.jUnitTest" tests="2" skipped="0" failures="0" errors="0" timestamp="2023-05-20T10:22:52" hostname="5CD7110B9W" time="0.085">
  <properties/>
  <testcase name="firstTest()" classname="lesson5.jUnitTest" time="0.078"/>
  <testcase name="secondTest()" classname="lesson5.jUnitTest" time="0.004"/>
  <system-out><![CDATA[Это сметод beforeAll
Это метод @BeforeEach
Это тест
Это метод @AfterEach
Это метод @BeforeEach
Это secondTest
Это метод @AfterEach
Это сметод afterAll
]]></system-out>
  <system-err><![CDATA[]]></system-err>
</testsuite>
